# JRE version: OpenJDK Runtime Environment Temurin-19.0.2+7 (19.0.2+7) (build 19.0.2+7)
# Java VM: OpenJDK 64-Bit Server VM Temurin-19.0.2+7 (19.0.2+7, mixed mode, sharing, tiered, compressed oops, compressed class ptrs, g1 gc, windows-amd64)
GC Precious Log:
 CardTable entry size: 512
 Card Set container configuration: InlinePtr #cards 5 size 8 Array Of Cards #cards 12 size 40 Howl #buckets 4 coarsen threshold 1843 Howl Bitmap #cards 512 size 80 coarsen threshold 460 Card regions per heap region 1 cards per card region 2048
 CPUs: 12 total, 12 available
 Memory: 7549M
 Large Page Support: Disabled
 NUMA Support: Disabled
 Compressed Oops: Enabled (32-bit)
 Heap Region Size: 1M
 Heap Min Capacity: 8M
 Heap Initial Capacity: 118M
 Heap Max Capacity: 1G
 Pre-touch: Disabled
 Parallel Workers: 10
 Concurrent Workers: 3
 Concurrent Refinement Workers: 10
 Periodic GC: Disabled
 String Deduplication is enabled
Heap:
 garbage-first heap   total 68608K, used 27226K [0x00000000c0000000, 0x0000000100000000)
  region size 1024K, 4 young (4096K), 1 survivors (1024K)
 Metaspace       used 29073K, committed 29888K, reserved 1114112K
  class space    used 2938K, committed 3328K, reserved 1048576K
GC Heap History (20 events):
Event: 772.534 GC heap before
{Heap before GC invocations=14 (full 0):
 garbage-first heap   total 68608K, used 56598K [0x00000000c0000000, 0x0000000100000000)
  region size 1024K, 32 young (32768K), 1 survivors (1024K)
 Metaspace       used 28060K, committed 28864K, reserved 1114112K
  class space    used 2883K, committed 3264K, reserved 1048576K
}
Event: 772.539 GC heap after
{Heap after GC invocations=15 (full 0):
 garbage-first heap   total 68608K, used 24916K [0x00000000c0000000, 0x0000000100000000)
  region size 1024K, 1 young (1024K), 1 survivors (1024K)
 Metaspace       used 28060K, committed 28864K, reserved 1114112K
  class space    used 2883K, committed 3264K, reserved 1048576K
}
Event: 902.778 GC heap before
{Heap before GC invocations=15 (full 0):
 garbage-first heap   total 68608K, used 57684K [0x00000000c0000000, 0x0000000100000000)
  region size 1024K, 33 young (33792K), 1 survivors (1024K)
 Metaspace       used 28089K, committed 28928K, reserved 1114112K
  class space    used 2883K, committed 3264K, reserved 1048576K
}
Event: 902.782 GC heap after
{Heap after GC invocations=16 (full 0):
 garbage-first heap   total 68608K, used 24848K [0x00000000c0000000, 0x0000000100000000)
  region size 1024K, 1 young (1024K), 1 survivors (1024K)
 Metaspace       used 28089K, committed 28928K, reserved 1114112K
  class space    used 2883K, committed 3264K, reserved 1048576K
}
Event: 1032.337 GC heap before
{Heap before GC invocations=16 (full 0):
 garbage-first heap   total 68608K, used 57616K [0x00000000c0000000, 0x0000000100000000)
  region size 1024K, 33 young (33792K), 1 survivors (1024K)
 Metaspace       used 28104K, committed 28928K, reserved 1114112K
  class space    used 2883K, committed 3264K, reserved 1048576K
}
Event: 1032.338 GC heap after
{Heap after GC invocations=17 (full 0):
 garbage-first heap   total 68608K, used 24806K [0x00000000c0000000, 0x0000000100000000)
  region size 1024K, 1 young (1024K), 1 survivors (1024K)
 Metaspace       used 28104K, committed 28928K, reserved 1114112K
  class space    used 2883K, committed 3264K, reserved 1048576K
}
Event: 1129.617 GC heap before
{Heap before GC invocations=17 (full 0):
 garbage-first heap   total 68608K, used 58598K [0x00000000c0000000, 0x0000000100000000)
  region size 1024K, 34 young (34816K), 1 survivors (1024K)
 Metaspace       used 28119K, committed 28928K, reserved 1114112K
  class space    used 2883K, committed 3264K, reserved 1048576K
}
Event: 1129.620 GC heap after
{Heap after GC invocations=18 (full 0):
 garbage-first heap   total 68608K, used 24913K [0x00000000c0000000, 0x0000000100000000)
  region size 1024K, 1 young (1024K), 1 survivors (1024K)
 Metaspace       used 28119K, committed 28928K, reserved 1114112K
  class space    used 2883K, committed 3264K, reserved 1048576K
}
Event: 1259.197 GC heap before
{Heap before GC invocations=18 (full 0):
 garbage-first heap   total 68608K, used 58705K [0x00000000c0000000, 0x0000000100000000)
  region size 1024K, 34 young (34816K), 1 survivors (1024K)
 Metaspace       used 28120K, committed 28928K, reserved 1114112K
  class space    used 2883K, committed 3264K, reserved 1048576K
}
Event: 1259.198 GC heap after
{Heap after GC invocations=19 (full 0):
 garbage-first heap   total 68608K, used 24836K [0x00000000c0000000, 0x0000000100000000)
  region size 1024K, 1 young (1024K), 1 survivors (1024K)
 Metaspace       used 28120K, committed 28928K, reserved 1114112K
  class space    used 2883K, committed 3264K, reserved 1048576K
}
Event: 1388.598 GC heap before
{Heap before GC invocations=19 (full 0):
 garbage-first heap   total 68608K, used 58628K [0x00000000c0000000, 0x0000000100000000)
  region size 1024K, 34 young (34816K), 1 survivors (1024K)
 Metaspace       used 28288K, committed 29120K, reserved 1114112K
  class space    used 2883K, committed 3264K, reserved 1048576K
}
Event: 1388.600 GC heap after
{Heap after GC invocations=20 (full 0):
 garbage-first heap   total 68608K, used 24851K [0x00000000c0000000, 0x0000000100000000)
  region size 1024K, 1 young (1024K), 1 survivors (1024K)
 Metaspace       used 28288K, committed 29120K, reserved 1114112K
  class space    used 2883K, committed 3264K, reserved 1048576K
}
Event: 1515.200 GC heap before
{Heap before GC invocations=20 (full 0):
 garbage-first heap   total 68608K, used 58643K [0x00000000c0000000, 0x0000000100000000)
  region size 1024K, 34 young (34816K), 1 survivors (1024K)
 Metaspace       used 28427K, committed 29248K, reserved 1114112K
  class space    used 2887K, committed 3264K, reserved 1048576K
}
Event: 1515.201 GC heap after
{Heap after GC invocations=21 (full 0):
 garbage-first heap   total 68608K, used 24897K [0x00000000c0000000, 0x0000000100000000)
  region size 1024K, 1 young (1024K), 1 survivors (1024K)
 Metaspace       used 28427K, committed 29248K, reserved 1114112K
  class space    used 2887K, committed 3264K, reserved 1048576K
}
Event: 1643.216 GC heap before
{Heap before GC invocations=21 (full 0):
 garbage-first heap   total 68608K, used 59713K [0x00000000c0000000, 0x0000000100000000)
  region size 1024K, 35 young (35840K), 1 survivors (1024K)
 Metaspace       used 28486K, committed 29312K, reserved 1114112K
  class space    used 2887K, committed 3264K, reserved 1048576K
}
Event: 1643.221 GC heap after
{Heap after GC invocations=22 (full 0):
 garbage-first heap   total 68608K, used 24949K [0x00000000c0000000, 0x0000000100000000)
  region size 1024K, 1 young (1024K), 1 survivors (1024K)
 Metaspace       used 28486K, committed 29312K, reserved 1114112K
  class space    used 2887K, committed 3264K, reserved 1048576K
}
Event: 1806.185 GC heap before
{Heap before GC invocations=22 (full 0):
 garbage-first heap   total 68608K, used 59765K [0x00000000c0000000, 0x0000000100000000)
  region size 1024K, 35 young (35840K), 1 survivors (1024K)
 Metaspace       used 28563K, committed 29376K, reserved 1114112K
  class space    used 2888K, committed 3264K, reserved 1048576K
}
Event: 1806.187 GC heap after
{Heap after GC invocations=23 (full 0):
 garbage-first heap   total 68608K, used 25008K [0x00000000c0000000, 0x0000000100000000)
  region size 1024K, 1 young (1024K), 1 survivors (1024K)
 Metaspace       used 28563K, committed 29376K, reserved 1114112K
  class space    used 2888K, committed 3264K, reserved 1048576K
}
Event: 1953.446 GC heap before
{Heap before GC invocations=23 (full 0):
 garbage-first heap   total 68608K, used 58800K [0x00000000c0000000, 0x0000000100000000)
  region size 1024K, 35 young (35840K), 1 survivors (1024K)
 Metaspace       used 28821K, committed 29632K, reserved 1114112K
  class space    used 2903K, committed 3264K, reserved 1048576K
}
Event: 1953.449 GC heap after
{Heap after GC invocations=24 (full 0):
 garbage-first heap   total 68608K, used 25178K [0x00000000c0000000, 0x0000000100000000)
  region size 1024K, 1 young (1024K), 1 survivors (1024K)
 Metaspace       used 28821K, committed 29632K, reserved 1114112K
  class space    used 2903K, committed 3264K, reserved 1048576K
}

